<?xml version="1.0" encoding="UTF-8"?>
<!-- Generated by org.testng.reporters.JUnitXMLReporter -->
<testsuite ignored="2" hostname="DESKTOP-M54GVRF" failures="0" tests="5" name="Default test" time="100.372" errors="0" timestamp="2022-05-18T18:42:06 NZST">
  <testcase classname="automationTestSuite.AutomationTests" name="VerifyUserCanRegister" time="9.331"/>
  <testcase classname="automationTestSuite.AutomationTests" name="VerifyUserCanLogin" time="8.428"/>
  <testcase classname="automationTestSuite.AutomationTests" name="VerifyUserCanUpdateProfile" time="24.98"/>
  <testcase classname="automationTestSuite.AutomationTests" name="VerifyUserIsAbleToVoteAndComment" time="25.619"/>
  <testcase classname="automationTestSuite.AutomationTests" name="ViewPopularMakeandModel" time="18.9"/>
  <testcase classname="Base.BaseTest" name="@BeforeTest setup" time="0.0">
    <ignored/>
  </testcase> <!-- @BeforeTest setup -->
  <testcase classname="Base.BaseTest" name="@AfterTest teardown" time="0.0">
    <ignored/>
  </testcase> <!-- @AfterTest teardown -->
</testsuite> <!-- Default test -->
