<?xml version="1.0" encoding="UTF-8"?>
<testng-results ignored="2" total="7" passed="5" failed="0" skipped="0">
  <reporter-output>
  </reporter-output>
  <suite started-at="2022-05-18T18:40:26 NZST" name="Default suite" finished-at="2022-05-18T18:42:06 NZST" duration-ms="100372">
    <groups>
    </groups>
    <test started-at="2022-05-18T18:40:26 NZST" name="Default test" finished-at="2022-05-18T18:42:06 NZST" duration-ms="100372">
      <class name="Base.BaseTest">
        <test-method is-config="true" signature="setup()[pri:0, instance:Base.BaseTest@45099dd3]" started-at="2022-05-18T18:40:26 NZST" name="setup" finished-at="2022-05-18T18:40:39 NZST" duration-ms="12896" status="PASS">
          <reporter-output>
          </reporter-output>
        </test-method> <!-- setup -->
        <test-method is-config="true" signature="teardown()[pri:0, instance:Base.BaseTest@45099dd3]" started-at="2022-05-18T18:42:06 NZST" name="teardown" finished-at="2022-05-18T18:42:06 NZST" duration-ms="153" status="PASS">
          <reporter-output>
          </reporter-output>
        </test-method> <!-- teardown -->
      </class> <!-- Base.BaseTest -->
      <class name="automationTestSuite.AutomationTests">
        <test-method signature="VerifyUserCanRegister()[pri:0, instance:automationTestSuite.AutomationTests@740cae06]" started-at="2022-05-18T18:40:39 NZST" name="VerifyUserCanRegister" finished-at="2022-05-18T18:40:48 NZST" duration-ms="9331" status="PASS">
          <reporter-output>
          </reporter-output>
        </test-method> <!-- VerifyUserCanRegister -->
        <test-method signature="VerifyUserCanLogin()[pri:1, instance:automationTestSuite.AutomationTests@740cae06]" started-at="2022-05-18T18:40:48 NZST" name="VerifyUserCanLogin" finished-at="2022-05-18T18:40:56 NZST" duration-ms="8428" status="PASS">
          <reporter-output>
          </reporter-output>
        </test-method> <!-- VerifyUserCanLogin -->
        <test-method signature="VerifyUserCanUpdateProfile()[pri:2, instance:automationTestSuite.AutomationTests@740cae06]" started-at="2022-05-18T18:40:56 NZST" name="VerifyUserCanUpdateProfile" finished-at="2022-05-18T18:41:21 NZST" duration-ms="24980" status="PASS">
          <reporter-output>
          </reporter-output>
        </test-method> <!-- VerifyUserCanUpdateProfile -->
        <test-method signature="VerifyUserIsAbleToVoteAndComment()[pri:3, instance:automationTestSuite.AutomationTests@740cae06]" started-at="2022-05-18T18:41:21 NZST" name="VerifyUserIsAbleToVoteAndComment" finished-at="2022-05-18T18:41:47 NZST" duration-ms="25619" status="PASS">
          <reporter-output>
          </reporter-output>
        </test-method> <!-- VerifyUserIsAbleToVoteAndComment -->
        <test-method signature="ViewPopularMakeandModel()[pri:4, instance:automationTestSuite.AutomationTests@740cae06]" started-at="2022-05-18T18:41:47 NZST" name="ViewPopularMakeandModel" finished-at="2022-05-18T18:42:06 NZST" duration-ms="18900" status="PASS">
          <reporter-output>
          </reporter-output>
        </test-method> <!-- ViewPopularMakeandModel -->
      </class> <!-- automationTestSuite.AutomationTests -->
    </test> <!-- Default test -->
  </suite> <!-- Default suite -->
</testng-results>
